
 /home/cysec/develop/y2k38-checker/out/AngelLiang_ESP8266-Demos

 /home/cysec/develop/y2k38-checker/out/Byzantium_Byzantium

 /home/cysec/develop/y2k38-checker/out/Cloudef_orbment

 /home/cysec/develop/y2k38-checker/out/Denton-L_based-connect

 /home/cysec/develop/y2k38-checker/out/FuruyamaTakeshi_DLNA

 /home/cysec/develop/y2k38-checker/out/FuzzySecurity_Unix-PrivEsc
i[timet-to-int-downcast] /home/cysec/develop/y2k38-checker/out/FuzzySecurity_Unix-PrivEsc/src/Unix-PrivEsc-master/uselib24.c:188:4

 /home/cysec/develop/y2k38-checker/out/H2CO3_Sparkling

 /home/cysec/develop/y2k38-checker/out/HaJaeKyung_KittyExtension

 /home/cysec/develop/y2k38-checker/out/HunterHillegas_iOS-BetaBuilder

 /home/cysec/develop/y2k38-checker/out/HuoLanguage_huo

 /home/cysec/develop/y2k38-checker/out/JaciBrunning_Pathfinder

 /home/cysec/develop/y2k38-checker/out/JaneaSystems_nodejs-mobile-react-native

 /home/cysec/develop/y2k38-checker/out/JazzCore_ctrlp-cmatcher

 /home/cysec/develop/y2k38-checker/out/Jekub_Wapiti

 /home/cysec/develop/y2k38-checker/out/Kreijstal_Random-C-stuff

 /home/cysec/develop/y2k38-checker/out/Lokaltog_candybar

 /home/cysec/develop/y2k38-checker/out/Mon-Ouie_ray

 /home/cysec/develop/y2k38-checker/out/MonetDB_MonetDB-old
範囲チェックあり e[timet-to-int-downcast] /home/cysec/develop/y2k38-checker/out/MonetDB_MonetDB-old/src/MonetDB-old-master/clients/mapiclient/mclient.c:2940:10
(int) time(0) [timet-to-int-downcast] /home/cysec/develop/y2k38-checker/out/MonetDB_MonetDB-old/src/MonetDB-old-master/monetdb5/modules/kernel/alarm.c:155:9
引き算 e[timet-to-long-downcast] /home/cysec/develop/y2k38-checker/out/MonetDB_MonetDB-old/src/MonetDB-old-master/clients/odbc/driver/SQLConnect.c:56:10

 /home/cysec/develop/y2k38-checker/out/NagiosEnterprises_nrpe

 /home/cysec/develop/y2k38-checker/out/ONsec-Lab_scripts

 /home/cysec/develop/y2k38-checker/out/OculusRiftInAction_OculusRiftInAction

 /home/cysec/develop/y2k38-checker/out/PebbleSeizureDetect_PebbleSeizureDetect

 /home/cysec/develop/y2k38-checker/out/RedisLabsModules_redisml

 /home/cysec/develop/y2k38-checker/out/Reisyukaku_ReiNand

 /home/cysec/develop/y2k38-checker/out/SS-archive_salt-states

 /home/cysec/develop/y2k38-checker/out/UWNetworksLab_arrakis
[read-fs-timestamp] /home/cysec/develop/y2k38-checker/out/UWNetworksLab_arrakis/src/arrakis-master/usr/openssh/src/sftp-common.c:77:13
[read-fs-timestamp] /home/cysec/develop/y2k38-checker/out/UWNetworksLab_arrakis/src/arrakis-master/usr/openssh/src/sftp-common.c:78:13
[read-fs-timestamp] /home/cysec/develop/y2k38-checker/out/UWNetworksLab_arrakis/src/arrakis-master/usr/openssh/src/sftp-common.c:96:3
[read-fs-timestamp] /home/cysec/develop/y2k38-checker/out/UWNetworksLab_arrakis/src/arrakis-master/usr/openssh/src/sftp-common.c:97:3
[read-fs-timestamp] /home/cysec/develop/y2k38-checker/out/UWNetworksLab_arrakis/src/arrakis-master/usr/openssh/src/sftp-common.c:193:32
[read-fs-timestamp] /home/cysec/develop/y2k38-checker/out/UWNetworksLab_arrakis/src/arrakis-master/usr/openssh/src/scp.c:782:18
[read-fs-timestamp] /home/cysec/develop/y2k38-checker/out/UWNetworksLab_arrakis/src/arrakis-master/usr/openssh/src/scp.c:782:41
[read-fs-timestamp] /home/cysec/develop/y2k38-checker/out/UWNetworksLab_arrakis/src/arrakis-master/usr/openssh/src/scp.c:783:18
[read-fs-timestamp] /home/cysec/develop/y2k38-checker/out/UWNetworksLab_arrakis/src/arrakis-master/usr/openssh/src/scp.c:783:41
[read-fs-timestamp] /home/cysec/develop/y2k38-checker/out/UWNetworksLab_arrakis/src/arrakis-master/usr/openssh/src/scp.c:786:15
[read-fs-timestamp] /home/cysec/develop/y2k38-checker/out/UWNetworksLab_arrakis/src/arrakis-master/usr/openssh/src/scp.c:786:35
[read-fs-timestamp] /home/cysec/develop/y2k38-checker/out/UWNetworksLab_arrakis/src/arrakis-master/usr/openssh/src/scp.c:866:16
[read-fs-timestamp] /home/cysec/develop/y2k38-checker/out/UWNetworksLab_arrakis/src/arrakis-master/usr/openssh/src/scp.c:867:16
[read-fs-timestamp] /home/cysec/develop/y2k38-checker/out/UWNetworksLab_arrakis/src/arrakis-master/usr/skb/eclipse_kernel/src/bip_misc.c:1484:6
[read-fs-timestamp] /home/cysec/develop/y2k38-checker/build:1485:31
[read-fs-timestamp] /home/cysec/develop/y2k38-checker/out/UWNetworksLab_arrakis/src/arrakis-master/usr/skb/eclipse_kernel/src/bip_misc.c:1488:6
[read-fs-timestamp] /home/cysec/develop/y2k38-checker/build:1489:31
[read-fs-timestamp] /home/cysec/develop/y2k38-checker/out/UWNetworksLab_arrakis/src/arrakis-master/usr/skb/eclipse_kernel/src/bip_misc.c:1492:6
[read-fs-timestamp] /home/cysec/develop/y2k38-checker/build:1493:31
[read-fs-timestamp] /home/cysec/develop/y2k38-checker/out/UWNetworksLab_arrakis/src/arrakis-master/usr/skb/eclipse_kernel/src/bip_misc.c:1507:6
[read-fs-timestamp] /home/cysec/develop/y2k38-checker/out/UWNetworksLab_arrakis/src/arrakis-master/usr/skb/eclipse_kernel/src/bip_misc.c:1508:15
[read-fs-timestamp] /home/cysec/develop/y2k38-checker/out/UWNetworksLab_arrakis/src/arrakis-master/usr/skb/eclipse_kernel/src/bip_misc.c:1513:6
[read-fs-timestamp] /home/cysec/develop/y2k38-checker/out/UWNetworksLab_arrakis/src/arrakis-master/usr/skb/eclipse_kernel/src/bip_misc.c:1514:15
[read-fs-timestamp] /home/cysec/develop/y2k38-checker/out/UWNetworksLab_arrakis/src/arrakis-master/usr/skb/eclipse_kernel/src/bip_misc.c:1519:6
[read-fs-timestamp] /home/cysec/develop/y2k38-checker/out/UWNetworksLab_arrakis/src/arrakis-master/usr/skb/eclipse_kernel/src/bip_misc.c:1520:15
i[timet-to-int-downcast] /home/cysec/develop/y2k38-checker/out/UWNetworksLab_arrakis/src/arrakis-master/lib/newlib/newlib/libc/machine/spu/usleep.c:16:32
[timet-to-long-downcast] /home/cysec/develop/y2k38-checker/out/UWNetworksLab_arrakis/src/arrakis-master/usr/skb/eclipse_kernel/src/os_support.c:732:9
[timet-to-long-downcast] /home/cysec/develop/y2k38-checker/out/UWNetworksLab_arrakis/src/arrakis-master/usr/skb/eclipse_kernel/src/os_support.c:744:12
[timet-to-long-downcast] /home/cysec/develop/y2k38-checker/out/UWNetworksLab_arrakis/src/arrakis-master/usr/skb/eclipse_kernel/src/os_support.c:807:17
[timet-to-long-downcast] /home/cysec/develop/y2k38-checker/out/UWNetworksLab_arrakis/src/arrakis-master/usr/openssh/src/scp.c:786:9
[timet-to-long-downcast] /home/cysec/develop/y2k38-checker/out/UWNetworksLab_arrakis/src/arrakis-master/usr/openssh/src/scp.c:786:29
[timet-to-long-downcast] /home/cysec/develop/y2k38-checker/out/UWNetworksLab_arrakis/src/arrakis-master/lib/newlib/newlib/libc/time/mktm_r.c:43:11
[timet-to-long-downcast] /home/cysec/develop/y2k38-checker/out/UWNetworksLab_arrakis/src/arrakis-master/lib/newlib/newlib/libc/time/mktm_r.c:44:10
[timet-to-long-downcast] /home/cysec/develop/y2k38-checker/out/UWNetworksLab_arrakis/src/arrakis-master/usr/openssh/src/moduli.c:412:37
[timet-to-long-downcast] /home/cysec/develop/y2k38-checker/out/UWNetworksLab_arrakis/src/arrakis-master/usr/openssh/src/moduli.c:714:6

 /home/cysec/develop/y2k38-checker/out/adafruit_Adafruit-Retrogame

 /home/cysec/develop/y2k38-checker/out/ailispaw_boot2docker-xhyve

 /home/cysec/develop/y2k38-checker/out/alexbw_Netflix-Prize

 /home/cysec/develop/y2k38-checker/out/analang_como-lang-ng

 /home/cysec/develop/y2k38-checker/out/angel2d_angel2d
[read-fs-timestamp] /home/cysec/develop/y2k38-checker/out/angel2d_angel2d/src/angel2d-master/Code/Angel/Libraries/zlib-1.2.3/contrib/minizip/minizip.c:88:14
[read-fs-timestamp] /home/cysec/develop/y2k38-checker/out/angel2d_angel2d/src/angel2d-master/Code/Angel/Libraries/zlib-1.2.3/examples/gun.c:524:19
[read-fs-timestamp] /home/cysec/develop/y2k38-checker/out/angel2d_angel2d/src/angel2d-master/Code/Angel/Libraries/zlib-1.2.3/examples/gun.c:525:20
[write-fs-timestamp] /home/cysec/develop/y2k38-checker/out/angel2d_angel2d/src/angel2d-master/Code/Angel/Libraries/zlib-1.2.3/contrib/untgz/untgz.c:246:10
[write-fs-timestamp] /home/cysec/develop/y2k38-checker/out/angel2d_angel2d/src/angel2d-master/Code/Angel/Libraries/lua-libs/luafilesystem-1.5.0/src/lfs.c:601:6
[write-fs-timestamp] /home/cysec/develop/y2k38-checker/out/angel2d_angel2d/src/angel2d-master/Code/Angel/Libraries/zlib-1.2.3/contrib/minizip/miniunz.c:81:3
[write-fs-timestamp] /home/cysec/develop/y2k38-checker/out/angel2d_angel2d/src/angel2d-master/Code/Angel/Libraries/zlib-1.2.3/examples/gun.c:526:11

 /home/cysec/develop/y2k38-checker/out/aterrien_forp-PHP-profiler

 /home/cysec/develop/y2k38-checker/out/bpaquet_ngx_http_enhanced_memcached_module

 /home/cysec/develop/y2k38-checker/out/bwhite_hadoopy

 /home/cysec/develop/y2k38-checker/out/carl-wang-cn_demo

 /home/cysec/develop/y2k38-checker/out/cetic_6lbr
u long i[timet-to-int-downcast] /home/cysec/develop/y2k38-checker/out/cetic_6lbr/src/6lbr-develop/platform/native/clock.c:60:10
引き算 i[timet-to-int-downcast] /home/cysec/develop/y2k38-checker/out/cetic_6lbr/src/6lbr-develop/examples/6lbr/platform/native/raw-tap-dev.c:380:9
引き算 i[timet-to-int-downcast] /home/cysec/develop/y2k38-checker/out/cetic_6lbr/src/6lbr-develop/tools/tunslip6.c:1023:14
i[timet-to-int-downcast] /home/cysec/develop/y2k38-checker/out/cetic_6lbr/src/6lbr-develop/examples/6lbr/tools/zena/zena.c:344:29
i[timet-to-int-downcast] /home/cysec/develop/y2k38-checker/out/cetic_6lbr/src/6lbr-develop/examples/6lbr/tools/zena/zena.c:612:18
掛け算 i[timet-to-int-downcast] /home/cysec/develop/y2k38-checker/out/cetic_6lbr/src/6lbr-develop/platform/minimal-net/clock.c:63:10

 /home/cysec/develop/y2k38-checker/out/cjlano_freertos

 /home/cysec/develop/y2k38-checker/out/clarkgrubb_data-tools

 /home/cysec/develop/y2k38-checker/out/cnlohr_espthernet
引き算 i[timet-to-int-downcast] /home/cysec/develop/y2k38-checker/out/cnlohr_espthernet/src/espthernet-gh-pages/web/execute_reflash.c:27:17
引き算 i[timet-to-int-downcast] /home/cysec/develop/y2k38-checker/out/cnlohr_espthernet/src/espthernet-gh-pages/web/execute_reflash.c:46:14
引き算 i[timet-to-int-downcast] /home/cysec/develop/y2k38-checker/out/cnlohr_espthernet/src/espthernet-gh-pages/pRemoteSniffer/web/pushtodev.c:27:17
引き算 i[timet-to-int-downcast] /home/cysec/develop/y2k38-checker/out/cnlohr_espthernet/src/espthernet-gh-pages/pRemoteSniffer/web/pushtodev.c:47:14
引き算 i[timet-to-int-downcast] /home/cysec/develop/y2k38-checker/out/cnlohr_espthernet/src/espthernet-gh-pages/web/pushtodev.c:27:17
引き算 i[timet-to-int-downcast] /home/cysec/develop/y2k38-checker/out/cnlohr_espthernet/src/espthernet-gh-pages/web/pushtodev.c:47:14
引き算 i[timet-to-int-downcast] /home/cysec/develop/y2k38-checker/out/cnlohr_espthernet/src/espthernet-gh-pages/pRemoteSniffer/web/execute_reflash.c:27:17
引き算 i[timet-to-int-downcast] /home/cysec/develop/y2k38-checker/out/cnlohr_espthernet/src/espthernet-gh-pages/pRemoteSniffer/web/execute_reflash.c:46:14

 /home/cysec/develop/y2k38-checker/out/cnlohr_ws2812esp8266

 /home/cysec/develop/y2k38-checker/out/cofyc_dnscrypt-wrapper

 /home/cysec/develop/y2k38-checker/out/cyburgee_loopFindr

 /home/cysec/develop/y2k38-checker/out/dimonomid_tneo

 /home/cysec/develop/y2k38-checker/out/dismantl_linux-injector

 /home/cysec/develop/y2k38-checker/out/dndx_shadowsocks-libuv

 /home/cysec/develop/y2k38-checker/out/doggycoder_AudioVideo
割り算 i[timet-to-int-downcast] /home/cysec/develop/y2k38-checker/out/doggycoder_AudioVideo/src/AudioVideo-master/ffmpeg/src/main/st/timer.c:9:9
割り算 i[timet-to-int-downcast] /home/cysec/develop/y2k38-checker/out/doggycoder_AudioVideo/src/AudioVideo-master/ffmpeg/src/main/st/timer.c:18:7

 /home/cysec/develop/y2k38-checker/out/dreamsxin_cphalcon7
[read-fs-timestamp] /home/cysec/develop/y2k38-checker/out/dreamsxin_cphalcon7/src/cphalcon7-master/deps/libwebsockets/lib/misc/diskcache.c:353:17
[read-fs-timestamp] /home/cysec/develop/y2k38-checker/out/dreamsxin_cphalcon7/src/cphalcon7-master/deps/libwebsockets/plugins/deaddrop/protocol_lws_deaddrop.c:203:17
引き算 i[timet-to-int-downcast] /home/cysec/develop/y2k38-checker/out/dreamsxin_cphalcon7/src/cphalcon7-master/deps/libwebsockets/lib/misc/diskcache.c:78:9
引き算 i[timet-to-int-downcast] /home/cysec/develop/y2k38-checker/out/dreamsxin_cphalcon7/src/cphalcon7-master/deps/libwebsockets/plugins/deaddrop/protocol_lws_deaddrop.c:111:9

 /home/cysec/develop/y2k38-checker/out/esl_erlang_ale

 /home/cysec/develop/y2k38-checker/out/etolabo_kumofs

 /home/cysec/develop/y2k38-checker/out/eviltrout_tis-100

 /home/cysec/develop/y2k38-checker/out/face_MongooseDaemon
[read-fs-timestamp] /home/cysec/develop/y2k38-checker/out/face_MongooseDaemon/src/MongooseDaemon-master/mongoose.c:1352:16

 /home/cysec/develop/y2k38-checker/out/facebookarchive_atosl

 /home/cysec/develop/y2k38-checker/out/facebookarchive_liblogfaf

 /home/cysec/develop/y2k38-checker/out/fanchy_fflib

 /home/cysec/develop/y2k38-checker/out/fhunleth_elixir_ale

 /home/cysec/develop/y2k38-checker/out/fjolnir_xnomad

 /home/cysec/develop/y2k38-checker/out/gabriel_yajl-objc

 /home/cysec/develop/y2k38-checker/out/gameoverhack_ofxOpenNI

 /home/cysec/develop/y2k38-checker/out/gianlucabertani_Objective-Zip

 /home/cysec/develop/y2k38-checker/out/git-mirror_nginx

 /home/cysec/develop/y2k38-checker/out/gregkh_kdbus

 /home/cysec/develop/y2k38-checker/out/guokr_gkseg

 /home/cysec/develop/y2k38-checker/out/heardrwt_RevealLoader

 /home/cysec/develop/y2k38-checker/out/hpricot_hpricot

 /home/cysec/develop/y2k38-checker/out/iceonsun_rsock

 /home/cysec/develop/y2k38-checker/out/ilg-archived_qemu
[read-fs-timestamp] /home/cysec/develop/y2k38-checker/out/ilg-archived_qemu/src/qemu-gnuarmeclipse-dev/tests/tcg/linux-test.c:162:9
[read-fs-timestamp] /home/cysec/develop/y2k38-checker/out/ilg-archived_qemu/src/qemu-gnuarmeclipse-dev/tests/tcg/linux-test.c:163:9
[write-fs-timestamp] /home/cysec/develop/y2k38-checker/build:154:15
引き算 i[timet-to-int-downcast] /home/cysec/develop/y2k38-checker/out/ilg-archived_qemu/src/qemu-gnuarmeclipse-dev/tests/tcg/linux-test.c:242:10

 /home/cysec/develop/y2k38-checker/out/imatix_gsl
[read-fs-timestamp] /home/cysec/develop/y2k38-checker/out/imatix_gsl/src/gsl-master/src/sflfile.c:762:17
[read-fs-timestamp] /home/cysec/develop/y2k38-checker/out/imatix_gsl/src/gsl-master/src/sflfile.c:763:17
[read-fs-timestamp] /home/cysec/develop/y2k38-checker/out/imatix_gsl/src/gsl-master/src/sflfile.c:2331:17
[read-fs-timestamp] /home/cysec/develop/y2k38-checker/out/imatix_gsl/src/gsl-master/src/sflfile.c:2331:40
[read-fs-timestamp] /home/cysec/develop/y2k38-checker/out/imatix_gsl/src/gsl-master/src/sfldir.c:272:24
[write-fs-timestamp] /home/cysec/develop/y2k38-checker/out/imatix_gsl/src/gsl-master/src/sflfile.c:2363:13
[timet-to-long-downcast] /home/cysec/develop/y2k38-checker/out/imatix_gsl/src/gsl-master/src/smtrdns.c:1091:40
[timet-to-long-downcast] /home/cysec/develop/y2k38-checker/out/imatix_gsl/src/gsl-master/src/smtrdns.c:1298:39

 /home/cysec/develop/y2k38-checker/out/immobiliare_sfs
[read-fs-timestamp] /home/cysec/develop/y2k38-checker/out/immobiliare_sfs/src/sfs-master/fuse/util.c:195:11

 /home/cysec/develop/y2k38-checker/out/iondbproject_iondb

 /home/cysec/develop/y2k38-checker/out/jduck_asus-cmd

 /home/cysec/develop/y2k38-checker/out/jintiao_some-mmorpg

 /home/cysec/develop/y2k38-checker/out/jkramer_shell-fm

 /home/cysec/develop/y2k38-checker/out/jwgrenning_tddec-code

 /home/cysec/develop/y2k38-checker/out/jwilberding_bcp

 /home/cysec/develop/y2k38-checker/out/jyr_MNPP

 /home/cysec/develop/y2k38-checker/out/karthick18_inception

 /home/cysec/develop/y2k38-checker/out/kazeburo_rhebok

 /home/cysec/develop/y2k38-checker/out/kennyyu_workshop

 /home/cysec/develop/y2k38-checker/out/kholia_dedrop

 /home/cysec/develop/y2k38-checker/out/krakjoe_phpdbg

 /home/cysec/develop/y2k38-checker/out/lilac_Android-ImageMagick

 /home/cysec/develop/y2k38-checker/out/limccn_Cocoa-Charts

 /home/cysec/develop/y2k38-checker/out/linklayer_cantact-fw

 /home/cysec/develop/y2k38-checker/out/lowlevel86_3D-Game-Programming

 /home/cysec/develop/y2k38-checker/out/lpan_viw

 /home/cysec/develop/y2k38-checker/out/lsds_spectre-attack-sgx

 /home/cysec/develop/y2k38-checker/out/ltebean_novel-design

 /home/cysec/develop/y2k38-checker/out/lukeweber_webrtc-jingle-client

 /home/cysec/develop/y2k38-checker/out/lzyickobe_UnInstallDemo

 /home/cysec/develop/y2k38-checker/out/madlib_archived_madlib

 /home/cysec/develop/y2k38-checker/out/matricks_teeworlds
(int)time(0) [timet-to-int-downcast] /home/cysec/develop/y2k38-checker/out/matricks_teeworlds/src/teeworlds-master/src/base/system.c:93:47
(int)time(0) [timet-to-int-downcast] /home/cysec/develop/y2k38-checker/out/matricks_teeworlds/src/teeworlds-master/src/base/system.c:1538:9

 /home/cysec/develop/y2k38-checker/out/mattt_WebPImageSerialization

 /home/cysec/develop/y2k38-checker/out/menudoproblema_libemqtt

 /home/cysec/develop/y2k38-checker/out/microsoft_pg_paxos

 /home/cysec/develop/y2k38-checker/out/mkoppanen_php-zbarcode

 /home/cysec/develop/y2k38-checker/out/mkusner_wmd

 /home/cysec/develop/y2k38-checker/out/monome_libmonome

 /home/cysec/develop/y2k38-checker/out/moqod_ios-qr-code-encoder

 /home/cysec/develop/y2k38-checker/out/mozilla-services_ios-sync-client

 /home/cysec/develop/y2k38-checker/out/mrcao2011_ProgressView

 /home/cysec/develop/y2k38-checker/out/mstorsjo_vlc-android

 /home/cysec/develop/y2k38-checker/out/myafer_OpenSSLApplication

 /home/cysec/develop/y2k38-checker/out/norbusan_sony-laptop-zseries

 /home/cysec/develop/y2k38-checker/out/osresearch_LEDscape

 /home/cysec/develop/y2k38-checker/out/paixaop_node-sodium

 /home/cysec/develop/y2k38-checker/out/pakt_ropc

 /home/cysec/develop/y2k38-checker/out/peter-leonov_ngx_http_js_module

 /home/cysec/develop/y2k38-checker/out/pez2001_razer_chroma_drivers

 /home/cysec/develop/y2k38-checker/out/python_typed_ast

 /home/cysec/develop/y2k38-checker/out/qiye_redis-storage
e [timet-to-int-downcast] /home/cysec/develop/y2k38-checker/out/qiye_redis-storage/src/redis-storage-master/src/redis.c:2221:18
e [timet-to-int-downcast] /home/cysec/develop/y2k38-checker/out/qiye_redis-storage/src/redis-storage-master/src/redis.c:2231:21
e [timet-to-int-downcast] /home/cysec/develop/y2k38-cehecker/out/qiye_redis-storage/src/redis-storage-master/src/replication.c:634:31
e [timet-to-long-downcast] /home/cysec/develop/y2k38-checker/out/qiye_redis-storage/src/redis-storage-master/src/redis.c:2238:21
e [timet-to-long-downcast] /home/cysec/develop/y2k38-checker/out/qiye_redis-storage/src/redis-storage-master/src/redis-benchmark.c:99:12
e [timet-to-long-downcast] /home/cysec/develop/y2k38-checker/out/qiye_redis-storage/src/redis-storage-master/src/config.c:1014:21
e [timet-to-long-downcast] /home/cysec/develop/y2k38-checker/out/qiye_redis-storage/src/redis-storage-master/src/replication.c:86:49

 /home/cysec/develop/y2k38-checker/out/rainyx_rxmemscan

 /home/cysec/develop/y2k38-checker/out/redbo_cloudfuse
[read-fs-timestamp] /home/cysec/develop/y2k38-checker/out/redbo_cloudfuse/src/cloudfuse-master/cloudfuse.c:203:3
[read-fs-timestamp] /home/cysec/develop/y2k38-checker/out/redbo_cloudfuse/src/cloudfuse-master/cloudfuse.c:203:21

 /home/cysec/develop/y2k38-checker/out/rpeshkov_IntelWifi

 /home/cysec/develop/y2k38-checker/out/slavavdovichenko_MediaLibDemos3x

 /home/cysec/develop/y2k38-checker/out/solettaproject_soletta

 /home/cysec/develop/y2k38-checker/out/sonsongithub_CoreAR

 /home/cysec/develop/y2k38-checker/out/souliss_souliss

 /home/cysec/develop/y2k38-checker/out/soveran_map

 /home/cysec/develop/y2k38-checker/out/stelgenhof_AiLight

 /home/cysec/develop/y2k38-checker/out/swetland_dcpu16

 /home/cysec/develop/y2k38-checker/out/tailhook_zerogw
[read-fs-timestamp] /home/cysec/develop/y2k38-checker/out/tailhook_zerogw/src/zerogw-master/src/disk.c:227:15

 /home/cysec/develop/y2k38-checker/out/tg123_chrome-hostadmin

 /home/cysec/develop/y2k38-checker/out/tharina_BlackHoodie-2018-Workshop

 /home/cysec/develop/y2k38-checker/out/therealdreg_anticuckoo

 /home/cysec/develop/y2k38-checker/out/thestinger_playpen

 /home/cysec/develop/y2k38-checker/out/tmm1_rblineprof

 /home/cysec/develop/y2k38-checker/out/torch_DEPRECEATED-torch7-distro

 /home/cysec/develop/y2k38-checker/out/unbit_spockfs
[read-fs-timestamp] /home/cysec/develop/y2k38-checker/out/unbit_spockfs/src/spockfs-master/spockfs.c:387:2
[read-fs-timestamp] /home/cysec/develop/y2k38-checker/out/unbit_spockfs/src/spockfs-master/spockfs.c:388:2
[read-fs-timestamp] /home/cysec/develop/y2k38-checker/out/unbit_spockfs/src/spockfs-master/spockfs.c:389:2

 /home/cysec/develop/y2k38-checker/out/vipshop_vire

 /home/cysec/develop/y2k38-checker/out/watmough_jwHash

 /home/cysec/develop/y2k38-checker/out/wolfgangfengel_GPUZen

 /home/cysec/develop/y2k38-checker/out/yhirano_Mp3VoiceRecorderSampleForAndroid

 /home/cysec/develop/y2k38-checker/out/youzan_zan

 /home/cysec/develop/y2k38-checker/out/yoyofx_NetCore_YOYOFx

 /home/cysec/develop/y2k38-checker/out/yunnian_php-nsq

 /home/cysec/develop/y2k38-checker/out/zebrafishlabs_nginx-statsd

 /home/cysec/develop/y2k38-checker/out/zeromq_zproto

 /home/cysec/develop/y2k38-checker/out/zhoubolei_cnnvisualizer
