

╭─    ~/de/y2k38-checker/inv-/analysis    feature/ipsj-inv ?1 
╰─ time py analyze.py 
/home/cysec/develop/y2k38-checker/inv-ipsj/input/scrcpy/compile_commands.json 
read-fs-timestamp

python3 analyze.py  1.32s user 0.98s system 101% cpu 2.267 total



╭─    ~/de/y2k38-checker/inv-/analysis    feature/ipsj-inv ?1 
╰─ time py analyze.py
/home/cysec/develop/y2k38-checker/inv-ipsj/input/scrcpy/compile_commands.json 
write-fs-timestamp

python3 analyze.py  1.38s user 1.02s system 100% cpu 2.380 total



╭─    ~/de/y2k38-checker/inv-/analysis    feature/ipsj-inv ?1 
╰─ time py analyze.py
/home/cysec/develop/y2k38-checker/inv-ipsj/input/scrcpy/compile_commands.json 
timet-to-int-downcast

python3 analyze.py  1.29s user 1.02s system 101% cpu 2.289 total



╭─    ~/de/y2k38-checker/inv-/analysis    feature/ipsj-inv ?1 
╰─ time py analyze.py
/home/cysec/develop/y2k38-checker/inv-ipsj/input/scrcpy/compile_commands.json 
timet-to-long-downcast

python3 analyze.py  1.34s user 1.02s system 100% cpu 2.340 total



╭─    ~/de/y2k38-checker/inv-/analysis    feature/ipsj-inv ?1 
╰─ time py analyze.py
/home/cysec/develop/y2k38-checker/inv-ipsj/input/netdata/compile_commands.json 
read-fs-timestamp

python3 analyze.py  11.33s user 4.29s system 99% cpu 15.622 total



╭─    ~/de/y2k38-checker/inv-/analysis    feature/ipsj-inv ?1 
╰─ time py analyze.py
/home/cysec/develop/y2k38-checker/inv-ipsj/input/netdata/compile_commands.json 
write-fs-timestamp
[write-fs-timestamp] /home/cysec/develop/y2k38-checker/inv-ipsj/input/netdata/netdata-master/database/sqlite/sqlite3.c:39520:5

python3 analyze.py  11.57s user 4.38s system 100% cpu 15.933 total



╭─    ~/de/y2k38-checker/inv-/analysis    feature/ipsj-inv ?1 
╰─ time py analyze.py
/home/cysec/develop/y2k38-checker/inv-ipsj/input/netdata/compile_commands.json 
timet-to-int-downcast
[timet-to-int-downcast] /home/cysec/develop/y2k38-checker/inv-ipsj/input/netdata/netdata-master/libnetdata/functions_evloop/functions_evloop.c:69:43
[timet-to-int-downcast] /home/cysec/develop/y2k38-checker/inv-ipsj/input/netdata/netdata-master/libnetdata/socket/socket.c:850:48

python3 analyze.py  12.13s user 4.40s system 98% cpu 16.704 total



╭─    ~/de/y2k38-checker/inv-/analysis    feature/ipsj-inv ?1 
╰─ time py analyze.py
/home/cysec/develop/y2k38-checker/inv-ipsj/input/netdata/compile_commands.json 
timet-to-long-downcast
[timet-to-long-downcast] /home/cysec/develop/y2k38-checker/inv-ipsj/analysis:77:23
[timet-to-long-downcast] /home/cysec/develop/y2k38-checker/inv-ipsj/analysis:77:23
[timet-to-long-downcast] /home/cysec/develop/y2k38-checker/inv-ipsj/analysis:77:23
[timet-to-long-downcast] /home/cysec/develop/y2k38-checker/inv-ipsj/analysis:77:23
[timet-to-long-downcast] /home/cysec/develop/y2k38-checker/inv-ipsj/analysis:77:23
[timet-to-long-downcast] /home/cysec/develop/y2k38-checker/inv-ipsj/analysis:77:23
[timet-to-long-downcast] /home/cysec/develop/y2k38-checker/inv-ipsj/analysis:77:23
[timet-to-long-downcast] /home/cysec/develop/y2k38-checker/inv-ipsj/analysis:77:23
[timet-to-long-downcast] /home/cysec/develop/y2k38-checker/inv-ipsj/analysis:77:23
[timet-to-long-downcast] /home/cysec/develop/y2k38-checker/inv-ipsj/analysis:77:23
[timet-to-long-downcast] /home/cysec/develop/y2k38-checker/inv-ipsj/analysis:77:23
[timet-to-long-downcast] /home/cysec/develop/y2k38-checker/inv-ipsj/analysis:77:23
[timet-to-long-downcast] /home/cysec/develop/y2k38-checker/inv-ipsj/analysis:77:23
[timet-to-long-downcast] /home/cysec/develop/y2k38-checker/inv-ipsj/analysis:77:23
[timet-to-long-downcast] /home/cysec/develop/y2k38-checker/inv-ipsj/analysis:77:23
[timet-to-long-downcast] /home/cysec/develop/y2k38-checker/inv-ipsj/analysis:77:23
[timet-to-long-downcast] /home/cysec/develop/y2k38-checker/inv-ipsj/analysis:77:23
[timet-to-long-downcast] /home/cysec/develop/y2k38-checker/inv-ipsj/analysis:77:23
[timet-to-long-downcast] /home/cysec/develop/y2k38-checker/inv-ipsj/analysis:77:23
[timet-to-long-downcast] /home/cysec/develop/y2k38-checker/inv-ipsj/analysis:77:23
[timet-to-long-downcast] /home/cysec/develop/y2k38-checker/inv-ipsj/analysis:77:23
[timet-to-long-downcast] /home/cysec/develop/y2k38-checker/inv-ipsj/analysis:77:23
[timet-to-long-downcast] /home/cysec/develop/y2k38-checker/inv-ipsj/analysis:77:23
[timet-to-long-downcast] /home/cysec/develop/y2k38-checker/inv-ipsj/analysis:77:23
[timet-to-long-downcast] /home/cysec/develop/y2k38-checker/inv-ipsj/analysis:77:23
[timet-to-long-downcast] /home/cysec/develop/y2k38-checker/inv-ipsj/analysis:77:23
[timet-to-long-downcast] /home/cysec/develop/y2k38-checker/inv-ipsj/analysis:77:23
[timet-to-long-downcast] /home/cysec/develop/y2k38-checker/inv-ipsj/analysis:77:23
[timet-to-long-downcast] /home/cysec/develop/y2k38-checker/inv-ipsj/analysis:77:23
[timet-to-long-downcast] /home/cysec/develop/y2k38-checker/inv-ipsj/analysis:77:23
[timet-to-long-downcast] /home/cysec/develop/y2k38-checker/inv-ipsj/analysis:77:23
[timet-to-long-downcast] /home/cysec/develop/y2k38-checker/inv-ipsj/analysis:77:23
[timet-to-long-downcast] /home/cysec/develop/y2k38-checker/inv-ipsj/analysis:77:23
[timet-to-long-downcast] /home/cysec/develop/y2k38-checker/inv-ipsj/analysis:77:23
[timet-to-long-downcast] /home/cysec/develop/y2k38-checker/inv-ipsj/analysis:77:23
[timet-to-long-downcast] /home/cysec/develop/y2k38-checker/inv-ipsj/analysis:77:23
[timet-to-long-downcast] /home/cysec/develop/y2k38-checker/inv-ipsj/analysis:77:23
[timet-to-long-downcast] /home/cysec/develop/y2k38-checker/inv-ipsj/analysis:77:23
[timet-to-long-downcast] /home/cysec/develop/y2k38-checker/inv-ipsj/analysis:77:23
[timet-to-long-downcast] /home/cysec/develop/y2k38-checker/inv-ipsj/analysis:77:23
[timet-to-long-downcast] /home/cysec/develop/y2k38-checker/inv-ipsj/analysis:77:23
[timet-to-long-downcast] /home/cysec/develop/y2k38-checker/inv-ipsj/analysis:77:23
[timet-to-long-downcast] /home/cysec/develop/y2k38-checker/inv-ipsj/analysis:77:23
[timet-to-long-downcast] /home/cysec/develop/y2k38-checker/inv-ipsj/analysis:77:23
[timet-to-long-downcast] /home/cysec/develop/y2k38-checker/inv-ipsj/analysis:77:23
[timet-to-long-downcast] /home/cysec/develop/y2k38-checker/inv-ipsj/analysis:77:23
[timet-to-long-downcast] /home/cysec/develop/y2k38-checker/inv-ipsj/analysis:77:23
[timet-to-long-downcast] /home/cysec/develop/y2k38-checker/inv-ipsj/analysis:77:23
[timet-to-long-downcast] /home/cysec/develop/y2k38-checker/inv-ipsj/analysis:77:23
[timet-to-long-downcast] /home/cysec/develop/y2k38-checker/inv-ipsj/analysis:77:23
[timet-to-long-downcast] /home/cysec/develop/y2k38-checker/inv-ipsj/analysis:77:23
[timet-to-long-downcast] /home/cysec/develop/y2k38-checker/inv-ipsj/analysis:77:23
[timet-to-long-downcast] /home/cysec/develop/y2k38-checker/inv-ipsj/analysis:77:23
[timet-to-long-downcast] /home/cysec/develop/y2k38-checker/inv-ipsj/analysis:77:23
[timet-to-long-downcast] /home/cysec/develop/y2k38-checker/inv-ipsj/analysis:77:23
[timet-to-long-downcast] /home/cysec/develop/y2k38-checker/inv-ipsj/analysis:77:23
[timet-to-long-downcast] /home/cysec/develop/y2k38-checker/inv-ipsj/analysis:77:23
[timet-to-long-downcast] /home/cysec/develop/y2k38-checker/inv-ipsj/analysis:77:23
[timet-to-long-downcast] /home/cysec/develop/y2k38-checker/inv-ipsj/analysis:77:23
[timet-to-long-downcast] /home/cysec/develop/y2k38-checker/inv-ipsj/analysis:77:23
[timet-to-long-downcast] /home/cysec/develop/y2k38-checker/inv-ipsj/analysis:77:23
[timet-to-long-downcast] /home/cysec/develop/y2k38-checker/inv-ipsj/analysis:77:23
[timet-to-long-downcast] /home/cysec/develop/y2k38-checker/inv-ipsj/analysis:77:23
[timet-to-long-downcast] /home/cysec/develop/y2k38-checker/inv-ipsj/analysis:77:23
[timet-to-long-downcast] /home/cysec/develop/y2k38-checker/inv-ipsj/analysis:77:23
[timet-to-long-downcast] /home/cysec/develop/y2k38-checker/inv-ipsj/analysis:77:23
[timet-to-long-downcast] /home/cysec/develop/y2k38-checker/inv-ipsj/analysis:77:23
[timet-to-long-downcast] /home/cysec/develop/y2k38-checker/inv-ipsj/analysis:77:23
[timet-to-long-downcast] /home/cysec/develop/y2k38-checker/inv-ipsj/analysis:77:23
[timet-to-long-downcast] /home/cysec/develop/y2k38-checker/inv-ipsj/analysis:77:23
[timet-to-long-downcast] /home/cysec/develop/y2k38-checker/inv-ipsj/analysis:77:23
[timet-to-long-downcast] /home/cysec/develop/y2k38-checker/inv-ipsj/analysis:77:23
[timet-to-long-downcast] /home/cysec/develop/y2k38-checker/inv-ipsj/analysis:77:23
[timet-to-long-downcast] /home/cysec/develop/y2k38-checker/inv-ipsj/analysis:77:23
[timet-to-long-downcast] /home/cysec/develop/y2k38-checker/inv-ipsj/analysis:77:23
[timet-to-long-downcast] /home/cysec/develop/y2k38-checker/inv-ipsj/analysis:77:23
[timet-to-long-downcast] /home/cysec/develop/y2k38-checker/inv-ipsj/analysis:77:23
[timet-to-long-downcast] /home/cysec/develop/y2k38-checker/inv-ipsj/analysis:77:23
[timet-to-long-downcast] /home/cysec/develop/y2k38-checker/inv-ipsj/analysis:77:23
[timet-to-long-downcast] /home/cysec/develop/y2k38-checker/inv-ipsj/analysis:77:23
[timet-to-long-downcast] /home/cysec/develop/y2k38-checker/inv-ipsj/analysis:77:23
[timet-to-long-downcast] /home/cysec/develop/y2k38-checker/inv-ipsj/analysis:77:23
[timet-to-long-downcast] /home/cysec/develop/y2k38-checker/inv-ipsj/analysis:77:23
[timet-to-long-downcast] /home/cysec/develop/y2k38-checker/inv-ipsj/analysis:77:23
[timet-to-long-downcast] /home/cysec/develop/y2k38-checker/inv-ipsj/analysis:77:23
[timet-to-long-downcast] /home/cysec/develop/y2k38-checker/inv-ipsj/analysis:77:23
[timet-to-long-downcast] /home/cysec/develop/y2k38-checker/inv-ipsj/analysis:77:23
[timet-to-long-downcast] /home/cysec/develop/y2k38-checker/inv-ipsj/analysis:77:23
[timet-to-long-downcast] /home/cysec/develop/y2k38-checker/inv-ipsj/analysis:77:23
[timet-to-long-downcast] /home/cysec/develop/y2k38-checker/inv-ipsj/analysis:77:23
[timet-to-long-downcast] /home/cysec/develop/y2k38-checker/inv-ipsj/analysis:77:23
[timet-to-long-downcast] /home/cysec/develop/y2k38-checker/inv-ipsj/analysis:77:23
[timet-to-long-downcast] /home/cysec/develop/y2k38-checker/inv-ipsj/analysis:77:23
[timet-to-long-downcast] /home/cysec/develop/y2k38-checker/inv-ipsj/analysis:77:23
[timet-to-long-downcast] /home/cysec/develop/y2k38-checker/inv-ipsj/analysis:77:23
[timet-to-long-downcast] /home/cysec/develop/y2k38-checker/inv-ipsj/analysis:77:23
[timet-to-long-downcast] /home/cysec/develop/y2k38-checker/inv-ipsj/analysis:77:23
[timet-to-long-downcast] /home/cysec/develop/y2k38-checker/inv-ipsj/analysis:77:23
[timet-to-long-downcast] /home/cysec/develop/y2k38-checker/inv-ipsj/analysis:77:23
[timet-to-long-downcast] /home/cysec/develop/y2k38-checker/inv-ipsj/analysis:77:23
[timet-to-long-downcast] /home/cysec/develop/y2k38-checker/inv-ipsj/analysis:77:23
[timet-to-long-downcast] /home/cysec/develop/y2k38-checker/inv-ipsj/analysis:77:23
[timet-to-long-downcast] /home/cysec/develop/y2k38-checker/inv-ipsj/analysis:77:23
[timet-to-long-downcast] /home/cysec/develop/y2k38-checker/inv-ipsj/analysis:77:23
[timet-to-long-downcast] /home/cysec/develop/y2k38-checker/inv-ipsj/analysis:77:23
[timet-to-long-downcast] /home/cysec/develop/y2k38-checker/inv-ipsj/analysis:77:23
[timet-to-long-downcast] /home/cysec/develop/y2k38-checker/inv-ipsj/analysis:77:23
[timet-to-long-downcast] /home/cysec/develop/y2k38-checker/inv-ipsj/analysis:77:23
[timet-to-long-downcast] /home/cysec/develop/y2k38-checker/inv-ipsj/analysis:77:23
[timet-to-long-downcast] /home/cysec/develop/y2k38-checker/inv-ipsj/analysis:77:23
[timet-to-long-downcast] /home/cysec/develop/y2k38-checker/inv-ipsj/analysis:77:23
[timet-to-long-downcast] /home/cysec/develop/y2k38-checker/inv-ipsj/analysis:77:23
[timet-to-long-downcast] /home/cysec/develop/y2k38-checker/inv-ipsj/analysis:77:23
[timet-to-long-downcast] /home/cysec/develop/y2k38-checker/inv-ipsj/analysis:77:23
[timet-to-long-downcast] /home/cysec/develop/y2k38-checker/inv-ipsj/analysis:77:23
[timet-to-long-downcast] /home/cysec/develop/y2k38-checker/inv-ipsj/analysis:77:23
[timet-to-long-downcast] /home/cysec/develop/y2k38-checker/inv-ipsj/analysis:77:23
[timet-to-long-downcast] /home/cysec/develop/y2k38-checker/inv-ipsj/analysis:77:23
[timet-to-long-downcast] /home/cysec/develop/y2k38-checker/inv-ipsj/analysis:77:23
[timet-to-long-downcast] /home/cysec/develop/y2k38-checker/inv-ipsj/analysis:77:23
[timet-to-long-downcast] /home/cysec/develop/y2k38-checker/inv-ipsj/analysis:77:23
[timet-to-long-downcast] /home/cysec/develop/y2k38-checker/inv-ipsj/analysis:77:23
[timet-to-long-downcast] /home/cysec/develop/y2k38-checker/inv-ipsj/analysis:77:23
[timet-to-long-downcast] /home/cysec/develop/y2k38-checker/inv-ipsj/analysis:77:23
[timet-to-long-downcast] /home/cysec/develop/y2k38-checker/inv-ipsj/analysis:77:23
[timet-to-long-downcast] /home/cysec/develop/y2k38-checker/inv-ipsj/analysis:77:23
[timet-to-long-downcast] /home/cysec/develop/y2k38-checker/inv-ipsj/analysis:77:23
[timet-to-long-downcast] /home/cysec/develop/y2k38-checker/inv-ipsj/analysis:77:23
[timet-to-long-downcast] /home/cysec/develop/y2k38-checker/inv-ipsj/analysis:77:23
[timet-to-long-downcast] /home/cysec/develop/y2k38-checker/inv-ipsj/analysis:77:23
[timet-to-long-downcast] /home/cysec/develop/y2k38-checker/inv-ipsj/analysis:77:23
[timet-to-long-downcast] /home/cysec/develop/y2k38-checker/inv-ipsj/analysis:77:23
[timet-to-long-downcast] /home/cysec/develop/y2k38-checker/inv-ipsj/analysis:77:23
[timet-to-long-downcast] /home/cysec/develop/y2k38-checker/inv-ipsj/analysis:77:23
[timet-to-long-downcast] /home/cysec/develop/y2k38-checker/inv-ipsj/analysis:77:23

python3 analyze.py  11.91s user 4.42s system 99% cpu 16.455 total



╭─    ~/develop/y2k38-checker/inv-ipsj/analysis    feature/ipsj-inv ?1           ✔  16s   21:06:49  
╰─ time py analyze.py
/home/cysec/develop/y2k38-checker/inv-ipsj/input/linux/compile_commands.json 
read-fs-timestamp

python3 analyze.py  45.26s user 43.30s system 94% cpu 1:33.50 total



╭─    ~/develop/y2k38-checker/inv-ipsj/analysis    feature/ipsj-inv ?1        ✔  1m 33s   21:08:49  
╰─ time py analyze.py
/home/cysec/develop/y2k38-checker/inv-ipsj/input/linux/compile_commands.json 
write-fs-timestamp

python3 analyze.py  44.78s user 42.98s system 99% cpu 1:28.41 total



╭─    ~/de/y2k38-checker/inv-/analysis    feature/ipsj-inv ?1 
╰─ time py analyze.py
/home/cysec/develop/y2k38-checker/inv-ipsj/input/linux/compile_commands.json 
timet-to-int-downcast

python3 analyze.py  45.46s user 42.72s system 101% cpu 1:27.04 total



╭─    ~/de/y2k38-checker/inv-/analysis    feature/ipsj-inv ?1 
╰─ time py analyze.py
/home/cysec/develop/y2k38-checker/inv-ipsj/input/linux/compile_commands.json 
timet-to-long-downcast

python3 analyze.py  45.13s user 43.30s system 100% cpu 1:27.64 total